<?xml version="1.0" encoding="UTF-8"?>
<!-- Generated by org.testng.reporters.JUnitXMLReporter -->
<testsuite hostname="DESKTOP-8RTIT61" ignored="2" name="Default test(failed)" tests="1" failures="0" timestamp="2021-08-23T17:04:30 IST" time="0.081" errors="0">
  <testcase name="TC3" time="0.013" classname="TestNG.Runonly_failTestcase_example1"/>
  <testcase name="TC1" time="0.0" classname="TestNG.Runonly_failTestcase_example1">
    <ignored/>
  </testcase> <!-- TC1 -->
  <testcase name="TC2" time="0.0" classname="TestNG.Runonly_failTestcase_example1">
    <ignored/>
  </testcase> <!-- TC2 -->
</testsuite> <!-- Default test(failed) -->
