<?xml version="1.0" encoding="UTF-8"?>
<!-- Generated by org.testng.reporters.JUnitXMLReporter -->
<testsuite hostname="DESKTOP-8RTIT61" ignored="4" name="Test(failed)" tests="2" failures="0" timestamp="2021-08-23T17:41:57 IST" time="0.082" errors="0">
  <testcase name="TC3" time="0.013" classname="TestNG.RunningOnlyFailTestcase_sample1"/>
  <testcase name="TC6" time="0.003" classname="TestNG.RunningOnlyFailTestcase_sample2"/>
  <testcase name="TC5" time="0.0" classname="TestNG.RunningOnlyFailTestcase_sample2">
    <ignored/>
  </testcase> <!-- TC5 -->
  <testcase name="TC1" time="0.0" classname="TestNG.RunningOnlyFailTestcase_sample1">
    <ignored/>
  </testcase> <!-- TC1 -->
  <testcase name="TC4" time="0.0" classname="TestNG.RunningOnlyFailTestcase_sample2">
    <ignored/>
  </testcase> <!-- TC4 -->
  <testcase name="TC2" time="0.0" classname="TestNG.RunningOnlyFailTestcase_sample1">
    <ignored/>
  </testcase> <!-- TC2 -->
</testsuite> <!-- Test(failed) -->
