<?xml version="1.0" encoding="UTF-8"?>
<testng-results skipped="0" failed="0" ignored="0" total="2" passed="2">
  <reporter-output>
    <line>
      <![CDATA[running TC1]]>
    </line>
    <line>
      <![CDATA[running TC2]]>
    </line>
  </reporter-output>
  <suite name="Default suite" duration-ms="86" started-at="2021-08-28T00:21:24 IST" finished-at="2021-08-28T00:21:24 IST">
    <groups>
    </groups>
    <test name="Default test" duration-ms="86" started-at="2021-08-28T00:21:24 IST" finished-at="2021-08-28T00:21:24 IST">
      <class name="TestNG.TestSuit_class1">
        <test-method status="PASS" signature="TC1()[pri:0, instance:TestNG.TestSuit_class1@74650e52]" name="TC1" duration-ms="13" started-at="2021-08-28T00:21:24 IST" finished-at="2021-08-28T00:21:24 IST">
          <reporter-output>
            <line>
              <![CDATA[running TC1]]>
            </line>
          </reporter-output>
        </test-method> <!-- TC1 -->
        <test-method status="PASS" signature="TC2()[pri:0, instance:TestNG.TestSuit_class1@74650e52]" name="TC2" duration-ms="2" started-at="2021-08-28T00:21:24 IST" finished-at="2021-08-28T00:21:24 IST">
          <reporter-output>
            <line>
              <![CDATA[running TC2]]>
            </line>
          </reporter-output>
        </test-method> <!-- TC2 -->
      </class> <!-- TestNG.TestSuit_class1 -->
    </test> <!-- Default test -->
  </suite> <!-- Default suite -->
</testng-results>
